
*** Running vivado
    with args -log Top_Game_NexysA7.vds -m64 -product Vivado -mode batch -messageDb vivado.pb -notrace -source Top_Game_NexysA7.tcl



****** Vivado v2025.2 (64-bit)
  **** SW Build 6299465 on Fri Nov 14 19:35:11 GMT 2025
  **** IP Build 6300035 on Fri Nov 14 10:48:45 MST 2025
  **** SharedData Build 6298862 on Thu Nov 13 04:50:51 MST 2025
  **** Start of session at: Fri Apr 24 01:51:53 2026
    ** Copyright 1986-2022 Xilinx, Inc. All Rights Reserved.
    ** Copyright 2022-2025 Advanced Micro Devices, Inc. All Rights Reserved.

source Top_Game_NexysA7.tcl -notrace
create_project: Time (s): cpu = 00:00:09 ; elapsed = 00:00:06 . Memory (MB): peak = 557.293 ; gain = 222.750
Command: synth_design -top Top_Game_NexysA7 -part xc7a50tcsg324-1
Starting synth_design
Attempting to get a license for feature 'Synthesis' and/or device 'xc7a50t'
INFO: [Common 17-349] Got license for feature 'Synthesis' and/or device 'xc7a50t'
INFO: [Device 21-403] Loading part xc7a50tcsg324-1
INFO: [Synth 8-7079] Multithreading enabled for synth_design using a maximum of 2 processes.
INFO: [Synth 8-7078] Launching helper process for spawning children vivado processes
INFO: [Synth 8-7075] Helper process launched with PID 27316
---------------------------------------------------------------------------------
Starting RTL Elaboration : Time (s): cpu = 00:00:06 ; elapsed = 00:00:06 . Memory (MB): peak = 1298.441 ; gain = 541.945
---------------------------------------------------------------------------------
INFO: [Synth 8-11241] undeclared symbol 'vram_init_done', assumed default net type 'wire' [D:/Programare/SystemVerilog/atm-de-master-5_Loops-ComputerArcasulVideoIO/5_Loops/ComputerArcasulVideoIO/ComputerArcasulVideoIO.srcs/sources_1/new/design.sv:68]
WARNING: [Synth 8-8895] 'vram_init_done' is already implicitly declared on line 68 [D:/Programare/SystemVerilog/atm-de-master-5_Loops-ComputerArcasulVideoIO/5_Loops/ComputerArcasulVideoIO/ComputerArcasulVideoIO.srcs/sources_1/new/design.sv:98]
INFO: [Synth 8-6157] synthesizing module 'Top_Game_NexysA7' [D:/Programare/SystemVerilog/atm-de-master-5_Loops-ComputerArcasulVideoIO/5_Loops/ComputerArcasulVideoIO/ComputerArcasulVideoIO.srcs/sources_1/new/design.sv:14]
INFO: [Synth 8-6157] synthesizing module 'clk_wiz_0' [D:/Programare/SystemVerilog/atm-de-master-5_Loops-ComputerArcasulVideoIO/5_Loops/ComputerArcasulVideoIO/ComputerArcasulVideoIO.runs/synth_1/.Xil/Vivado-33508-DESKTOP-9HCBKN4/realtime/clk_wiz_0_stub.v:6]
INFO: [Synth 8-6155] done synthesizing module 'clk_wiz_0' (0#1) [D:/Programare/SystemVerilog/atm-de-master-5_Loops-ComputerArcasulVideoIO/5_Loops/ComputerArcasulVideoIO/ComputerArcasulVideoIO.runs/synth_1/.Xil/Vivado-33508-DESKTOP-9HCBKN4/realtime/clk_wiz_0_stub.v:6]
INFO: [Synth 8-6157] synthesizing module 'PMEM_26bit' [D:/Programare/SystemVerilog/atm-de-master-5_Loops-ComputerArcasulVideoIO/5_Loops/ComputerArcasulVideoIO/ComputerArcasulVideoIO.srcs/sources_1/new/design.sv:526]
INFO: [Synth 8-6155] done synthesizing module 'PMEM_26bit' (0#1) [D:/Programare/SystemVerilog/atm-de-master-5_Loops-ComputerArcasulVideoIO/5_Loops/ComputerArcasulVideoIO/ComputerArcasulVideoIO.srcs/sources_1/new/design.sv:526]
INFO: [Synth 8-6157] synthesizing module 'CPU_17bit' [D:/Programare/SystemVerilog/atm-de-master-5_Loops-ComputerArcasulVideoIO/5_Loops/ComputerArcasulVideoIO/ComputerArcasulVideoIO.srcs/sources_1/new/design.sv:148]
INFO: [Synth 8-251] R[0]=x, R[1]=x, R[2]=x, R[3]=x, R[4]=x, R[5]=x, R[6]=x, R[7]=x, addr_bus=xxxxx, data_out=xxxxxxxx
 [D:/Programare/SystemVerilog/atm-de-master-5_Loops-ComputerArcasulVideoIO/5_Loops/ComputerArcasulVideoIO/ComputerArcasulVideoIO.srcs/sources_1/new/design.sv:189]
INFO: [Synth 8-6155] done synthesizing module 'CPU_17bit' (0#1) [D:/Programare/SystemVerilog/atm-de-master-5_Loops-ComputerArcasulVideoIO/5_Loops/ComputerArcasulVideoIO/ComputerArcasulVideoIO.srcs/sources_1/new/design.sv:148]
INFO: [Synth 8-6157] synthesizing module 'VRAM_DualPort' [D:/Programare/SystemVerilog/atm-de-master-5_Loops-ComputerArcasulVideoIO/5_Loops/ComputerArcasulVideoIO/ComputerArcasulVideoIO.srcs/sources_1/new/design.sv:744]
INFO: [Synth 8-6155] done synthesizing module 'VRAM_DualPort' (0#1) [D:/Programare/SystemVerilog/atm-de-master-5_Loops-ComputerArcasulVideoIO/5_Loops/ComputerArcasulVideoIO/ComputerArcasulVideoIO.srcs/sources_1/new/design.sv:744]
INFO: [Synth 8-6157] synthesizing module 'vga_sync_1440x900' [D:/Programare/SystemVerilog/atm-de-master-5_Loops-ComputerArcasulVideoIO/5_Loops/ComputerArcasulVideoIO/ComputerArcasulVideoIO.srcs/sources_1/new/design.sv:756]
INFO: [Synth 8-6155] done synthesizing module 'vga_sync_1440x900' (0#1) [D:/Programare/SystemVerilog/atm-de-master-5_Loops-ComputerArcasulVideoIO/5_Loops/ComputerArcasulVideoIO/ComputerArcasulVideoIO.srcs/sources_1/new/design.sv:756]
INFO: [Synth 8-6157] synthesizing module 'SevenSeg_Driver' [D:/Programare/SystemVerilog/atm-de-master-5_Loops-ComputerArcasulVideoIO/5_Loops/ComputerArcasulVideoIO/ComputerArcasulVideoIO.srcs/sources_1/new/design.sv:802]
INFO: [Synth 8-226] default block is never used [D:/Programare/SystemVerilog/atm-de-master-5_Loops-ComputerArcasulVideoIO/5_Loops/ComputerArcasulVideoIO/ComputerArcasulVideoIO.srcs/sources_1/new/design.sv:814]
INFO: [Synth 8-226] default block is never used [D:/Programare/SystemVerilog/atm-de-master-5_Loops-ComputerArcasulVideoIO/5_Loops/ComputerArcasulVideoIO/ComputerArcasulVideoIO.srcs/sources_1/new/design.sv:826]
INFO: [Synth 8-6155] done synthesizing module 'SevenSeg_Driver' (0#1) [D:/Programare/SystemVerilog/atm-de-master-5_Loops-ComputerArcasulVideoIO/5_Loops/ComputerArcasulVideoIO/ComputerArcasulVideoIO.srcs/sources_1/new/design.sv:802]
INFO: [Synth 8-6155] done synthesizing module 'Top_Game_NexysA7' (0#1) [D:/Programare/SystemVerilog/atm-de-master-5_Loops-ComputerArcasulVideoIO/5_Loops/ComputerArcasulVideoIO/ComputerArcasulVideoIO.srcs/sources_1/new/design.sv:14]
---------------------------------------------------------------------------------
Finished RTL Elaboration : Time (s): cpu = 00:00:09 ; elapsed = 00:00:09 . Memory (MB): peak = 1418.605 ; gain = 662.109
---------------------------------------------------------------------------------
---------------------------------------------------------------------------------
Start Handling Custom Attributes
---------------------------------------------------------------------------------
---------------------------------------------------------------------------------
Finished Handling Custom Attributes : Time (s): cpu = 00:00:09 ; elapsed = 00:00:09 . Memory (MB): peak = 1418.605 ; gain = 662.109
---------------------------------------------------------------------------------
---------------------------------------------------------------------------------
Finished RTL Optimization Phase 1 : Time (s): cpu = 00:00:09 ; elapsed = 00:00:09 . Memory (MB): peak = 1418.605 ; gain = 662.109
---------------------------------------------------------------------------------
Netlist sorting complete. Time (s): cpu = 00:00:00 ; elapsed = 00:00:00.014 . Memory (MB): peak = 1418.605 ; gain = 0.000
INFO: [Project 1-570] Preparing netlist for logic optimization

Processing XDC Constraints
Initializing timing engine
Parsing XDC File [d:/Programare/SystemVerilog/atm-de-master-5_Loops-ComputerArcasulVideoIO/5_Loops/ComputerArcasulVideoIO/ComputerArcasulVideoIO.gen/sources_1/ip/clk_wiz_0/clk_wiz_0/clk_wiz_0_in_context.xdc] for cell 'pixel_clk_gen'
Finished Parsing XDC File [d:/Programare/SystemVerilog/atm-de-master-5_Loops-ComputerArcasulVideoIO/5_Loops/ComputerArcasulVideoIO/ComputerArcasulVideoIO.gen/sources_1/ip/clk_wiz_0/clk_wiz_0/clk_wiz_0_in_context.xdc] for cell 'pixel_clk_gen'
Parsing XDC File [D:/Programare/SystemVerilog/atm-de-master-5_Loops-ComputerArcasulVideoIO/5_Loops/ComputerArcasulVideoIO/ComputerArcasulVideoIO.srcs/constrs_1/new/pins.xdc]
Finished Parsing XDC File [D:/Programare/SystemVerilog/atm-de-master-5_Loops-ComputerArcasulVideoIO/5_Loops/ComputerArcasulVideoIO/ComputerArcasulVideoIO.srcs/constrs_1/new/pins.xdc]
INFO: [Project 1-236] Implementation specific constraints were found while reading constraint file [D:/Programare/SystemVerilog/atm-de-master-5_Loops-ComputerArcasulVideoIO/5_Loops/ComputerArcasulVideoIO/ComputerArcasulVideoIO.srcs/constrs_1/new/pins.xdc]. These constraints will be ignored for synthesis but will be used in implementation. Impacted constraints are listed in the file [.Xil/Top_Game_NexysA7_propImpl.xdc].
Resolution: To avoid this warning, move constraints listed in [.Xil/Top_Game_NexysA7_propImpl.xdc] to another XDC file and exclude this new file from synthesis with the used_in_synthesis property (File Properties dialog in GUI) and re-run elaboration/synthesis.
Completed Processing XDC Constraints

Netlist sorting complete. Time (s): cpu = 00:00:00 ; elapsed = 00:00:00 . Memory (MB): peak = 1482.734 ; gain = 0.000
INFO: [Project 1-111] Unisim Transformation Summary:
No Unisim elements were transformed.

Constraint Validation Runtime : Time (s): cpu = 00:00:00 ; elapsed = 00:00:00.005 . Memory (MB): peak = 1482.734 ; gain = 0.000
---------------------------------------------------------------------------------
Finished Constraint Validation : Time (s): cpu = 00:00:17 ; elapsed = 00:00:17 . Memory (MB): peak = 1482.734 ; gain = 726.238
---------------------------------------------------------------------------------
---------------------------------------------------------------------------------
Start Loading Part and Timing Information
---------------------------------------------------------------------------------
Loading part: xc7a50tcsg324-1
---------------------------------------------------------------------------------
Finished Loading Part and Timing Information : Time (s): cpu = 00:00:17 ; elapsed = 00:00:17 . Memory (MB): peak = 1482.734 ; gain = 726.238
---------------------------------------------------------------------------------
---------------------------------------------------------------------------------
Start Applying 'set_property' XDC Constraints
---------------------------------------------------------------------------------
---------------------------------------------------------------------------------
Finished applying 'set_property' XDC Constraints : Time (s): cpu = 00:00:17 ; elapsed = 00:00:17 . Memory (MB): peak = 1482.734 ; gain = 726.238
---------------------------------------------------------------------------------
---------------------------------------------------------------------------------
Finished RTL Optimization Phase 2 : Time (s): cpu = 00:00:18 ; elapsed = 00:00:18 . Memory (MB): peak = 1482.734 ; gain = 726.238
---------------------------------------------------------------------------------
---------------------------------------------------------------------------------
Start RTL Component Statistics 
---------------------------------------------------------------------------------
Detailed RTL Component Info : 
+---Adders : 
	   3 Input   32 Bit       Adders := 1     
	   2 Input   32 Bit       Adders := 1     
	   2 Input   17 Bit       Adders := 1     
	   2 Input   11 Bit       Adders := 2     
+---XORs : 
	   2 Input     32 Bit         XORs := 1     
	   2 Input      1 Bit         XORs := 1     
+---Registers : 
	               32 Bit    Registers := 1     
	               17 Bit    Registers := 2     
	               16 Bit    Registers := 1     
	               11 Bit    Registers := 2     
	                2 Bit    Registers := 4     
	                1 Bit    Registers := 1     
+---Multipliers : 
	              32x32  Multipliers := 1     
+---RAMs : 
	             158K Bit	(81000 X 2 bit)          RAMs := 1     
+---Muxes : 
	  11 Input   32 Bit        Muxes := 2     
	   4 Input   32 Bit        Muxes := 1     
	   2 Input   32 Bit        Muxes := 1     
	   2 Input   26 Bit        Muxes := 1     
	   2 Input   17 Bit        Muxes := 5     
	   6 Input    4 Bit        Muxes := 3     
	   2 Input    2 Bit        Muxes := 1     
---------------------------------------------------------------------------------
Finished RTL Component Statistics 
---------------------------------------------------------------------------------
---------------------------------------------------------------------------------
Start Part Resource Summary
---------------------------------------------------------------------------------
Part Resources:
DSPs: 120 (col length:60)
BRAMs: 150 (col length: RAMB18 60 RAMB36 30)
---------------------------------------------------------------------------------
Finished Part Resource Summary
---------------------------------------------------------------------------------
---------------------------------------------------------------------------------
Start Cross Boundary and Area Optimization
---------------------------------------------------------------------------------
DSP Report: Generating DSP alu_out0, operation Mode is: A*B.
DSP Report: operator alu_out0 is absorbed into DSP alu_out0.
DSP Report: operator alu_out0 is absorbed into DSP alu_out0.
DSP Report: Generating DSP alu_out0, operation Mode is: (PCIN>>17)+A*B.
DSP Report: operator alu_out0 is absorbed into DSP alu_out0.
DSP Report: operator alu_out0 is absorbed into DSP alu_out0.
DSP Report: Generating DSP alu_out0, operation Mode is: A*B.
DSP Report: operator alu_out0 is absorbed into DSP alu_out0.
DSP Report: operator alu_out0 is absorbed into DSP alu_out0.
DSP Report: Generating DSP alu_out0, operation Mode is: (PCIN>>17)+A*B.
DSP Report: operator alu_out0 is absorbed into DSP alu_out0.
DSP Report: operator alu_out0 is absorbed into DSP alu_out0.
WARNING: [Synth 8-3332] Sequential element (vram/vram_reg_mux_sel_a_pos_1) is unused and will be removed from module Top_Game_NexysA7.
WARNING: [Synth 8-3332] Sequential element (vram/vram_reg_mux_sel_a_pos_1__0) is unused and will be removed from module Top_Game_NexysA7.
---------------------------------------------------------------------------------
Finished Cross Boundary and Area Optimization : Time (s): cpu = 00:00:25 ; elapsed = 00:00:25 . Memory (MB): peak = 1487.387 ; gain = 730.891
---------------------------------------------------------------------------------
 Sort Area is  alu_out0_0 : 0 0 : 3101 5879 : Used 1 time 0
 Sort Area is  alu_out0_0 : 0 1 : 2778 5879 : Used 1 time 0
 Sort Area is  alu_out0_3 : 0 0 : 2759 5418 : Used 1 time 0
 Sort Area is  alu_out0_3 : 0 1 : 2659 5418 : Used 1 time 0
---------------------------------------------------------------------------------
Start ROM, RAM, DSP, Shift Register and Retiming Reporting
---------------------------------------------------------------------------------

ROM: Preliminary Mapping Report
+------------+------------+---------------+----------------+
|Module Name | RTL Object | Depth x Width | Implemented As | 
+------------+------------+---------------+----------------+
|PMEM_26bit  | instr      | 256x26        | LUT            | 
+------------+------------+---------------+----------------+


Block RAM: Preliminary Mapping Report (see note below)
+-----------------+---------------+------------------------+---+---+------------------------+---+---+------------------+--------+--------+
|Module Name      | RTL Object    | PORT A (Depth x Width) | W | R | PORT B (Depth x Width) | W | R | Ports driving FF | RAMB18 | RAMB36 | 
+-----------------+---------------+------------------------+---+---+------------------------+---+---+------------------+--------+--------+
|Top_Game_NexysA7 | vram/vram_reg | 79 K x 2(READ_FIRST)   | W |   | 79 K x 2(WRITE_FIRST)  |   | R | Port A and B     | 0      | 6      | 
+-----------------+---------------+------------------------+---+---+------------------------+---+---+------------------+--------+--------+

Note: The table above is a preliminary report that shows the Block RAMs at the current stage of the synthesis flow. Some Block RAMs may be reimplemented as non Block RAM primitives later in the synthesis flow. Multiple instantiated Block RAMs are reported only once. 

Distributed RAM: Preliminary Mapping Report (see note below)
+-----------------+---------------+-----------+----------------------+--------------+
|Module Name      | RTL Object    | Inference | Size (Depth x Width) | Primitives   | 
+-----------------+---------------+-----------+----------------------+--------------+
|Top_Game_NexysA7 | core/regs_reg | Implied   | 32 x 32              | RAM32M x 16  | 
+-----------------+---------------+-----------+----------------------+--------------+

Note: The table above is a preliminary report that shows the Distributed RAMs at the current stage of the synthesis flow. Some Distributed RAMs may be reimplemented as non Distributed RAM primitives later in the synthesis flow. Multiple instantiated RAMs are reported only once.

DSP: Preliminary Mapping Report (see note below. The ' indicates corresponding REG is set)
+------------+----------------+--------+--------+--------+--------+--------+------+------+------+------+-------+------+------+
|Module Name | DSP Mapping    | A Size | B Size | C Size | D Size | P Size | AREG | BREG | CREG | DREG | ADREG | MREG | PREG | 
+------------+----------------+--------+--------+--------+--------+--------+------+------+------+------+-------+------+------+
|CPU_17bit   | A*B            | 18     | 16     | -      | -      | 48     | 0    | 0    | -    | -    | -     | 0    | 0    | 
|CPU_17bit   | (PCIN>>17)+A*B | 16     | 16     | -      | -      | 48     | 0    | 0    | -    | -    | -     | 0    | 0    | 
|CPU_17bit   | A*B            | 18     | 18     | -      | -      | 48     | 0    | 0    | -    | -    | -     | 0    | 0    | 
|CPU_17bit   | (PCIN>>17)+A*B | 18     | 16     | -      | -      | 48     | 0    | 0    | -    | -    | -     | 0    | 0    | 
+------------+----------------+--------+--------+--------+--------+--------+------+------+------+------+-------+------+------+

Note: The table above is a preliminary report that shows the DSPs inferred at the current stage of the synthesis flow. Some DSP may be reimplemented as non DSP primitives later in the synthesis flow. Multiple instantiated DSPs are reported only once.
---------------------------------------------------------------------------------
Finished ROM, RAM, DSP, Shift Register and Retiming Reporting
---------------------------------------------------------------------------------
---------------------------------------------------------------------------------
Start Applying XDC Timing Constraints
---------------------------------------------------------------------------------
---------------------------------------------------------------------------------
Finished Applying XDC Timing Constraints : Time (s): cpu = 00:00:32 ; elapsed = 00:00:33 . Memory (MB): peak = 1665.996 ; gain = 909.500
---------------------------------------------------------------------------------
---------------------------------------------------------------------------------
Start Timing Optimization
---------------------------------------------------------------------------------
---------------------------------------------------------------------------------
Finished Timing Optimization : Time (s): cpu = 00:00:35 ; elapsed = 00:00:35 . Memory (MB): peak = 1734.395 ; gain = 977.898
---------------------------------------------------------------------------------
---------------------------------------------------------------------------------
Start ROM, RAM, DSP, Shift Register and Retiming Reporting
---------------------------------------------------------------------------------

Block RAM: Final Mapping Report
+-----------------+---------------+------------------------+---+---+------------------------+---+---+------------------+--------+--------+
|Module Name      | RTL Object    | PORT A (Depth x Width) | W | R | PORT B (Depth x Width) | W | R | Ports driving FF | RAMB18 | RAMB36 | 
+-----------------+---------------+------------------------+---+---+------------------------+---+---+------------------+--------+--------+
|Top_Game_NexysA7 | vram/vram_reg | 79 K x 2(READ_FIRST)   | W |   | 79 K x 2(WRITE_FIRST)  |   | R | Port A and B     | 0      | 6      | 
+-----------------+---------------+------------------------+---+---+------------------------+---+---+------------------+--------+--------+


Distributed RAM: Final Mapping Report
+-----------------+---------------+-----------+----------------------+--------------+
|Module Name      | RTL Object    | Inference | Size (Depth x Width) | Primitives   | 
+-----------------+---------------+-----------+----------------------+--------------+
|Top_Game_NexysA7 | core/regs_reg | Implied   | 32 x 32              | RAM32M x 16  | 
+-----------------+---------------+-----------+----------------------+--------------+

---------------------------------------------------------------------------------
Finished ROM, RAM, DSP, Shift Register and Retiming Reporting
---------------------------------------------------------------------------------
---------------------------------------------------------------------------------
Start Technology Mapping
---------------------------------------------------------------------------------
INFO: [Synth 8-7052] The timing for the instance vram/vram_reg_1_0 (implemented as a Block RAM) might be sub-optimal as no optional output register could be merged into the ram block. Providing additional output register may help in improving timing.
INFO: [Synth 8-7052] The timing for the instance vram/vram_reg_1_1 (implemented as a Block RAM) might be sub-optimal as no optional output register could be merged into the ram block. Providing additional output register may help in improving timing.
INFO: [Synth 8-7052] The timing for the instance vram/vram_reg_1_0__0 (implemented as a Block RAM) might be sub-optimal as no optional output register could be merged into the ram block. Providing additional output register may help in improving timing.
INFO: [Synth 8-7052] The timing for the instance vram/vram_reg_1_1__0 (implemented as a Block RAM) might be sub-optimal as no optional output register could be merged into the ram block. Providing additional output register may help in improving timing.
---------------------------------------------------------------------------------
Finished Technology Mapping : Time (s): cpu = 00:00:35 ; elapsed = 00:00:36 . Memory (MB): peak = 1752.492 ; gain = 995.996
---------------------------------------------------------------------------------
---------------------------------------------------------------------------------
Start IO Insertion
---------------------------------------------------------------------------------
---------------------------------------------------------------------------------
Start Flattening Before IO Insertion
---------------------------------------------------------------------------------
---------------------------------------------------------------------------------
Finished Flattening Before IO Insertion
---------------------------------------------------------------------------------
---------------------------------------------------------------------------------
Start Final Netlist Cleanup
---------------------------------------------------------------------------------
---------------------------------------------------------------------------------
Finished Final Netlist Cleanup
---------------------------------------------------------------------------------
---------------------------------------------------------------------------------
Finished IO Insertion : Time (s): cpu = 00:00:40 ; elapsed = 00:00:40 . Memory (MB): peak = 1938.746 ; gain = 1182.250
---------------------------------------------------------------------------------
---------------------------------------------------------------------------------
Start Renaming Generated Instances
---------------------------------------------------------------------------------
---------------------------------------------------------------------------------
Finished Renaming Generated Instances : Time (s): cpu = 00:00:40 ; elapsed = 00:00:40 . Memory (MB): peak = 1938.746 ; gain = 1182.250
---------------------------------------------------------------------------------
---------------------------------------------------------------------------------
Start Rebuilding User Hierarchy
---------------------------------------------------------------------------------
---------------------------------------------------------------------------------
Finished Rebuilding User Hierarchy : Time (s): cpu = 00:00:40 ; elapsed = 00:00:41 . Memory (MB): peak = 1938.746 ; gain = 1182.250
---------------------------------------------------------------------------------
---------------------------------------------------------------------------------
Start Renaming Generated Ports
---------------------------------------------------------------------------------
---------------------------------------------------------------------------------
Finished Renaming Generated Ports : Time (s): cpu = 00:00:40 ; elapsed = 00:00:41 . Memory (MB): peak = 1938.746 ; gain = 1182.250
---------------------------------------------------------------------------------
---------------------------------------------------------------------------------
Start Handling Custom Attributes
---------------------------------------------------------------------------------
---------------------------------------------------------------------------------
Finished Handling Custom Attributes : Time (s): cpu = 00:00:40 ; elapsed = 00:00:41 . Memory (MB): peak = 1939.738 ; gain = 1183.242
---------------------------------------------------------------------------------
---------------------------------------------------------------------------------
Start Renaming Generated Nets
---------------------------------------------------------------------------------
---------------------------------------------------------------------------------
Finished Renaming Generated Nets : Time (s): cpu = 00:00:40 ; elapsed = 00:00:41 . Memory (MB): peak = 1939.738 ; gain = 1183.242
---------------------------------------------------------------------------------
---------------------------------------------------------------------------------
Start Writing Synthesis Report
---------------------------------------------------------------------------------

DSP Final Report (the ' indicates corresponding REG is set)
+------------+--------------+--------+--------+--------+--------+--------+------+------+------+------+-------+------+------+
|Module Name | DSP Mapping  | A Size | B Size | C Size | D Size | P Size | AREG | BREG | CREG | DREG | ADREG | MREG | PREG | 
+------------+--------------+--------+--------+--------+--------+--------+------+------+------+------+-------+------+------+
|CPU_17bit   | A*B          | 17     | 15     | -      | -      | 48     | 0    | 0    | -    | -    | -     | 0    | 0    | 
|CPU_17bit   | A*B          | 17     | 17     | -      | -      | 48     | 0    | 0    | -    | -    | -     | 0    | 0    | 
|CPU_17bit   | PCIN>>17+A*B | 17     | 15     | -      | -      | 48     | 0    | 0    | -    | -    | -     | 0    | 0    | 
+------------+--------------+--------+--------+--------+--------+--------+------+------+------+------+-------+------+------+


Report BlackBoxes: 
+------+--------------+----------+
|      |BlackBox name |Instances |
+------+--------------+----------+
|1     |clk_wiz_0     |         1|
+------+--------------+----------+

Report Cell Usage: 
+------+---------+------+
|      |Cell     |Count |
+------+---------+------+
|1     |clk_wiz  |     1|
|2     |CARRY4   |    47|
|3     |DSP48E1  |     3|
|4     |LUT1     |     5|
|5     |LUT2     |   144|
|6     |LUT3     |    69|
|7     |LUT4     |    56|
|8     |LUT5     |    56|
|9     |LUT6     |   230|
|10    |RAM32M   |    16|
|11    |RAMB36E1 |     6|
|14    |FDRE     |   150|
|15    |IBUF     |     4|
|16    |OBUF     |    30|
+------+---------+------+
---------------------------------------------------------------------------------
Finished Writing Synthesis Report : Time (s): cpu = 00:00:40 ; elapsed = 00:00:41 . Memory (MB): peak = 1939.738 ; gain = 1183.242
---------------------------------------------------------------------------------
Synthesis finished with 0 errors, 0 critical warnings and 2 warnings.
Synthesis Optimization Runtime : Time (s): cpu = 00:00:29 ; elapsed = 00:00:39 . Memory (MB): peak = 1939.738 ; gain = 1119.113
Synthesis Optimization Complete : Time (s): cpu = 00:00:40 ; elapsed = 00:00:41 . Memory (MB): peak = 1939.738 ; gain = 1183.242
INFO: [Project 1-571] Translating synthesized netlist
Netlist sorting complete. Time (s): cpu = 00:00:00 ; elapsed = 00:00:00.018 . Memory (MB): peak = 1948.953 ; gain = 0.000
INFO: [Netlist 29-17] Analyzing 72 Unisim elements for replacement
INFO: [Netlist 29-28] Unisim Transformation completed in 0 CPU seconds
INFO: [Project 1-570] Preparing netlist for logic optimization
INFO: [Opt 31-138] Pushed 0 inverter(s) to 0 load pin(s).
Netlist sorting complete. Time (s): cpu = 00:00:00 ; elapsed = 00:00:00.001 . Memory (MB): peak = 1952.656 ; gain = 0.000
INFO: [Project 1-111] Unisim Transformation Summary:
  A total of 16 instances were transformed.
  RAM32M => RAM32M (RAMD32(x6), RAMS32(x2)): 16 instances

Synth Design complete | Checksum: bb46ad44
INFO: [Common 17-83] Releasing license: Synthesis
37 Infos, 3 Warnings, 0 Critical Warnings and 0 Errors encountered.
synth_design completed successfully
synth_design: Time (s): cpu = 00:00:46 ; elapsed = 00:00:49 . Memory (MB): peak = 1952.656 ; gain = 1384.414
Write ShapeDB Complete: Time (s): cpu = 00:00:00 ; elapsed = 00:00:00.002 . Memory (MB): peak = 1952.656 ; gain = 0.000
INFO: [Common 17-1381] The checkpoint 'D:/Programare/SystemVerilog/atm-de-master-5_Loops-ComputerArcasulVideoIO/5_Loops/ComputerArcasulVideoIO/ComputerArcasulVideoIO.runs/synth_1/Top_Game_NexysA7.dcp' has been generated.
INFO: [Vivado 12-24828] Executing command : report_utilization -file Top_Game_NexysA7_utilization_synth.rpt -pb Top_Game_NexysA7_utilization_synth.pb
INFO: [Common 17-206] Exiting Vivado at Fri Apr 24 01:52:53 2026...
