Copyright 1986-2022 Xilinx, Inc. All Rights Reserved. Copyright 2022-2025 Advanced Micro Devices, Inc. All Rights Reserved.
---------------------------------------------------------------------------------------------------------------------------------------------
| Tool Version : Vivado v.2025.2 (win64) Build 6299465 Fri Nov 14 19:35:11 GMT 2025
| Date         : Fri Apr 17 00:30:55 2026
| Host         : DESKTOP-9HCBKN4 running 64-bit major release  (build 9200)
| Command      : report_control_sets -verbose -file Top_Game_NexysA7_control_sets_placed.rpt
| Design       : Top_Game_NexysA7
| Device       : xc7a50t
---------------------------------------------------------------------------------------------------------------------------------------------

Control Set Information

Table of Contents
-----------------
1. Summary
2. Histogram
3. Flip-Flop Distribution
4. Detailed Control Set Information

1. Summary
----------

+----------------------------------------------------------+-------+
|                          Status                          | Count |
+----------------------------------------------------------+-------+
| Total control sets                                       |     8 |
|    Minimum number of control sets                        |     8 |
|    Addition due to synthesis replication                 |     0 |
|    Addition due to physical synthesis replication        |     0 |
| Unused register locations in slices containing registers |    25 |
+----------------------------------------------------------+-------+
* Control sets can be merged at opt_design using control_set_merge or merge_equivalent_drivers
** Run report_qor_suggestions for automated merging and remapping suggestions


2. Histogram
------------

+--------------------+-------+
|       Fanout       | Count |
+--------------------+-------+
| Total control sets |     8 |
| >= 0 to < 4        |     0 |
| >= 4 to < 6        |     0 |
| >= 6 to < 8        |     1 |
| >= 8 to < 10       |     0 |
| >= 10 to < 12      |     2 |
| >= 12 to < 14      |     0 |
| >= 14 to < 16      |     0 |
| >= 16              |     5 |
+--------------------+-------+
* Control sets can be remapped at either synth_design or opt_design


3. Flip-Flop Distribution
-------------------------

+--------------+-----------------------+------------------------+-----------------+--------------+
| Clock Enable | Synchronous Set/Reset | Asynchronous Set/Reset | Total Registers | Total Slices |
+--------------+-----------------------+------------------------+-----------------+--------------+
| No           | No                    | No                     |              72 |           35 |
| No           | No                    | Yes                    |               0 |            0 |
| No           | Yes                   | No                     |              35 |           15 |
| Yes          | No                    | No                     |              16 |            6 |
| Yes          | No                    | Yes                    |               0 |            0 |
| Yes          | Yes                   | No                     |              28 |            9 |
+--------------+-----------------------+------------------------+-----------------+--------------+


4. Detailed Control Set Information
-----------------------------------

+--------------+--------------------------------+-------------------+------------------+----------------+--------------+
| Clock Signal |          Enable Signal         |  Set/Reset Signal | Slice Load Count | Bel Load Count | Bels / Slice |
+--------------+--------------------------------+-------------------+------------------+----------------+--------------+
|  clk_vga     |                                | vga_ctrl/btnu_ff0 |                3 |              7 |         2.33 |
|  clk_vga     |                                | vga_ctrl/SR[0]    |                4 |             11 |         2.75 |
|  clk_vga     | vga_ctrl/E[0]                  | vga_ctrl/btnu_ff0 |                4 |             11 |         2.75 |
|  clk_vga     | core/E[0]                      |                   |                6 |             16 |         2.67 |
|  clk_vga     |                                | core/rst0         |                8 |             17 |         2.12 |
|  clk_vga     | vram_init_addr[0]_i_1_n_0      | vga_ctrl/btnu_ff0 |                5 |             17 |         3.40 |
|  clk_vga     |                                |                   |               35 |             72 |         2.06 |
|  clk_vga     | core/regs_reg_0_31_0_1_i_1_n_0 |                   |               16 |            128 |         8.00 |
+--------------+--------------------------------+-------------------+------------------+----------------+--------------+


