Vivado Simulator v2025.2
Copyright 1986-2022 Xilinx, Inc. All Rights Reserved.
Copyright 2022-2025 Advanced Micro Devices, Inc. All Rights Reserved.
Running: D:/Programare/Vivado/2025.2/Vivado/bin/unwrapped/win64.o/xelab.exe --incr --debug typical --relax --mt 2 -L xil_defaultlib -L uvm -L unisims_ver -L unimacro_ver -L secureip --snapshot tb_behav xil_defaultlib.tb xil_defaultlib.glbl -log elaborate.log 
Using 2 slave threads.
Starting static elaboration
Pass Through NonSizing Optimizer
Completed static elaboration
Starting simulation data flow analysis
WARNING: [XSIM 43-4099] "D:/Programare/SystemVerilog/AND4_4b/AND4_4b.srcs/sim_1/new/tb.sv" Line 2. Module tb doesn't have a timescale but at least one module in design has a timescale.
WARNING: [XSIM 43-4099] "D:/Programare/SystemVerilog/AND4_4b/AND4_4b.srcs/sources_1/new/top.sv" Line 2. Module top doesn't have a timescale but at least one module in design has a timescale.
WARNING: [XSIM 43-4099] "D:/Programare/SystemVerilog/AND4_4b/AND4_4b.srcs/sources_1/new/AND4_1b.sv" Line 2. Module AND4_1b doesn't have a timescale but at least one module in design has a timescale.
WARNING: [XSIM 43-4099] "D:/Programare/SystemVerilog/AND4_4b/AND4_4b.srcs/sources_1/new/AND4_1b.sv" Line 2. Module AND4_1b doesn't have a timescale but at least one module in design has a timescale.
WARNING: [XSIM 43-4099] "D:/Programare/SystemVerilog/AND4_4b/AND4_4b.srcs/sources_1/new/AND4_1b.sv" Line 2. Module AND4_1b doesn't have a timescale but at least one module in design has a timescale.
WARNING: [XSIM 43-4099] "D:/Programare/SystemVerilog/AND4_4b/AND4_4b.srcs/sources_1/new/AND4_1b.sv" Line 2. Module AND4_1b doesn't have a timescale but at least one module in design has a timescale.
Completed simulation data flow analysis
Time Resolution for simulation is 1ps
Compiling module xil_defaultlib.AND4_1b
Compiling module xil_defaultlib.top
Compiling module xil_defaultlib.tb
Compiling module xil_defaultlib.glbl
Built simulation snapshot tb_behav
